#
# A fatal error has been detected by the Java Runtime Environment:
#
#  SIGSEGV (0xb) at pc=0xb49d8c08, pid=15760, tid=2339052400
#
# JRE version: 6.0_20-b20
# Java VM: OpenJDK Server VM (19.0-b09 mixed mode linux-x86 )
# Derivative: IcedTea6 1.9.2
# Distribution: Ubuntu 10.10, package 6b20-1.9.2-0ubuntu2
# Problematic frame:
# J  java.util.Arrays.mergeSort([Ljava/lang/Object;[Ljava/lang/Object;IIILjava/util/Comparator;)V
#
# If you would like to submit a bug report, please include
# instructions how to reproduce the bug and visit:
#   https://bugs.launchpad.net/ubuntu/+source/openjdk-6/
#

---------------  T H R E A D  ---------------

Current thread (0x09d02000):  JavaThread "Code server for mapcreator from Mozilla/5.0 (X11; U; Linux i686; en-US; rv:1.9.2.13) Gecko/20101206 Ubuntu/10.10 (maverick) Firefox/3.6.13 on http://127.0.0.1:8888/index.html?gwt.codesvr=127.0.0.1:9997 @ 3QKNep1kR3x)RPhR" daemon [_thread_in_Java, id=15814, stack(0x8b661000,0x8b6b2000)]

siginfo:si_signo=SIGSEGV: si_errno=0, si_code=128 (), si_addr=0x00000000

Registers:
EAX=0x00000008, EBX=0x00000008, ECX=0x00000004, EDX=0x00000004
ESP=0x8b6b0680, EBP=0x96bceb10, ESI=0x00000009, EDI=0x00000008
EIP=0xb49d8c08, CR2=0x00000008, EFLAGS=0x00210246

Register to memory mapping:

EAX=0x00000008
0x00000008 is pointing to unknown location

EBX=0x00000008
0x00000008 is pointing to unknown location

ECX=0x00000004
0x00000004 is pointing to unknown location

EDX=0x00000004
0x00000004 is pointing to unknown location

ESP=0x8b6b0680
0x8b6b0680 is pointing into the stack for thread: 0x09d02000
"Code server for mapcreator from Mozilla/5.0 (X11; U; Linux i686; en-US; rv:1.9.2.13) Gecko/20101206 Ubuntu/10.10 (maverick) Firefox/3.6.13 on http://127.0.0.1:8888/index.html?gwt.codesvr=127.0.0.1:9997 @ 3QKNep1kR3x)RPhR" daemon prio=10 tid=0x09d02000 nid=0x3dc6 runnable [0x00000000]
   java.lang.Thread.State: RUNNABLE

EBP=0x96bceb10
org.eclipse.jdt.internal.compiler.lookup.MethodBinding 
 - klass: 'org/eclipse/jdt/internal/compiler/lookup/MethodBinding'

ESI=0x00000009
0x00000009 is pointing to unknown location

EDI=0x00000008
0x00000008 is pointing to unknown location


Top of Stack: (sp=0x8b6b0680)
0x8b6b0680:   96bceb10 8b6b06a4 8b6b069c 00000000
0x8b6b0690:   8b6b06c0 09d02000 96bce85c a9da87c0
0x8b6b06a0:   96bce850 00000011 00000011 00000000
0x8b6b06b0:   a9da87cc 00000000 00000008 00000008
0x8b6b06c0:   00000008 00000004 00000004 00000004
0x8b6b06d0:   00000003 00000002 96bce864 96bceb40
0x8b6b06e0:   96bce868 00000003 00000000 a9da87c0
0x8b6b06f0:   8b6b06f0 8c6880a2 8b6b072c 8c68aa40 

Instructions: (pc=0xb49d8c08)
0xb49d8bf8:   3c 8b 44 24 40 8b 54 24 44 8b 4c 24 50 41 3b ca
0xb49d8c08:   0f 8d 0a 04 00 00 3b 8c 24 b0 00 00 00 7e ee 89 

Stack: [0x8b661000,0x8b6b2000],  sp=0x8b6b0680,  free space=317k
Native frames: (J=compiled Java code, j=interpreted, Vv=VM code, C=native code)
J  java.util.Arrays.mergeSort([Ljava/lang/Object;[Ljava/lang/Object;IIILjava/util/Comparator;)V


---------------  P R O C E S S  ---------------

Java Threads: ( => current thread )
=>0x09d02000 JavaThread "Code server for mapcreator from Mozilla/5.0 (X11; U; Linux i686; en-US; rv:1.9.2.13) Gecko/20101206 Ubuntu/10.10 (maverick) Firefox/3.6.13 on http://127.0.0.1:8888/index.html?gwt.codesvr=127.0.0.1:9997 @ 3QKNep1kR3x)RPhR" daemon [_thread_in_Java, id=15814, stack(0x8b661000,0x8b6b2000)]
  0x8b9b3000 JavaThread "com.google.gwt.thirdparty.guava.common.base.internal.Finalizer" daemon [_thread_blocked, id=15797, stack(0x8b4af000,0x8b500000)]
  0x8b9b1400 JavaThread "Timer-1" daemon [_thread_blocked, id=15796, stack(0x8b80d000,0x8b85e000)]
  0x8b926800 JavaThread "btpool0-1 - Acceptor0 SelectChannelConnector@127.0.0.1:8888" [_thread_in_native, id=15794, stack(0x8b6b2000,0x8b703000)]
  0x8b923400 JavaThread "btpool0-0" [_thread_blocked, id=15793, stack(0x8b703000,0x8b754000)]
  0x09a1b400 JavaThread "Timer-0" daemon [_thread_blocked, id=15792, stack(0x8b754000,0x8b7a5000)]
  0x8b92bc00 JavaThread "Code server listener" daemon [_thread_in_native, id=15791, stack(0x8b7bc000,0x8b80d000)]
  0x8b919000 JavaThread "Thread-1" daemon [_thread_blocked, id=15787, stack(0x8b85e000,0x8b8af000)]
  0x8b903800 JavaThread "Thread-0" [_thread_in_native, id=15786, stack(0x8b8af000,0x8b900000)]
  0x0981b800 JavaThread "Low Memory Detector" daemon [_thread_blocked, id=15784, stack(0x8bd01000,0x8bd52000)]
  0x09818400 JavaThread "CompilerThread1" daemon [_thread_in_native, id=15783, stack(0x8bd52000,0x8bdd3000)]
  0x09816400 JavaThread "CompilerThread0" daemon [_thread_in_native, id=15781, stack(0x8bdd3000,0x8be54000)]
  0x09809000 JavaThread "JDWP Command Reader" daemon [_thread_in_native, id=15776, stack(0x8be54000,0x8bea5000)]
  0x09807400 JavaThread "JDWP Event Helper Thread" daemon [_thread_blocked, id=15775, stack(0x8bea5000,0x8bef6000)]
  0x09804c00 JavaThread "JDWP Transport Listener: dt_socket" daemon [_thread_blocked, id=15774, stack(0x8bef6000,0x8bf47000)]
  0x097fcc00 JavaThread "Signal Dispatcher" daemon [_thread_blocked, id=15772, stack(0x8bf47000,0x8bf98000)]
  0x097ea400 JavaThread "Finalizer" daemon [_thread_blocked, id=15766, stack(0x8bf98000,0x8bfe9000)]
  0x097e8c00 JavaThread "Reference Handler" daemon [_thread_blocked, id=15765, stack(0x8bfe9000,0x8c03a000)]
  0x0975f800 JavaThread "main" [_thread_blocked, id=15761, stack(0xb7871000,0xb78c2000)]

Other Threads:
  0x097e5000 VMThread [stack: 0x8c03a000,0x8c0bb000] [id=15764]
  0x0981d800 WatcherThread [stack: 0x8bc80000,0x8bd01000] [id=15785]

VM state:not at safepoint (normal execution)

VM Mutex/Monitor currently owned by a thread: None

Heap
 PSYoungGen      total 125632K, used 3746K [0xa9b10000, 0xb45b0000, 0xb45b0000)
  eden space 107520K, 3% used [0xa9b10000,0xa9eb89d8,0xb0410000)
  from space 18112K, 0% used [0xb3400000,0xb3400000,0xb45b0000)
  to   space 33600K, 0% used [0xb0410000,0xb0410000,0xb24e0000)
 PSOldGen        total 88768K, used 47345K [0x945b0000, 0x99c60000, 0xa9b10000)
  object space 88768K, 53% used [0x945b0000,0x973ec5e8,0x99c60000)
 PSPermGen       total 33536K, used 16124K [0x8c5b0000, 0x8e670000, 0x945b0000)
  object space 33536K, 48% used [0x8c5b0000,0x8d56f088,0x8e670000)

Dynamic libraries:
00110000-00267000 r-xp 00000000 08:11 3932695    /lib/libc-2.12.1.so
00267000-00269000 r--p 00157000 08:11 3932695    /lib/libc-2.12.1.so
00269000-0026a000 rw-p 00159000 08:11 3932695    /lib/libc-2.12.1.so
0026a000-0026d000 rw-p 00000000 00:00 0 
0026d000-00270000 r-xp 00000000 08:11 274182     /usr/lib/jvm/java-6-openjdk/jre/lib/i386/libnpt.so
00270000-00271000 r--p 00002000 08:11 274182     /usr/lib/jvm/java-6-openjdk/jre/lib/i386/libnpt.so
00271000-00272000 rw-p 00003000 08:11 274182     /usr/lib/jvm/java-6-openjdk/jre/lib/i386/libnpt.so
00272000-00278000 r-xp 00000000 08:11 3932694    /lib/libnss_compat-2.12.1.so
00278000-00279000 r--p 00006000 08:11 3932694    /lib/libnss_compat-2.12.1.so
00279000-0027a000 rw-p 00007000 08:11 3932694    /lib/libnss_compat-2.12.1.so
0027a000-00280000 r-xp 00000000 08:11 274187     /usr/lib/jvm/java-6-openjdk/jre/lib/i386/libzip.so
00280000-00281000 r--p 00005000 08:11 274187     /usr/lib/jvm/java-6-openjdk/jre/lib/i386/libzip.so
00281000-00282000 rw-p 00006000 08:11 274187     /usr/lib/jvm/java-6-openjdk/jre/lib/i386/libzip.so
00282000-00286000 r-xp 00000000 08:11 3932680    /lib/libnss_dns-2.12.1.so
00286000-00287000 r--p 00004000 08:11 3932680    /lib/libnss_dns-2.12.1.so
00287000-00288000 rw-p 00005000 08:11 3932680    /lib/libnss_dns-2.12.1.so
00288000-00298000 r-xp 00000000 08:11 3932685    /lib/libresolv-2.12.1.so
00298000-00299000 r--p 00010000 08:11 3932685    /lib/libresolv-2.12.1.so
00299000-0029a000 rw-p 00011000 08:11 3932685    /lib/libresolv-2.12.1.so
0029a000-0029c000 rw-p 00000000 00:00 0 
002d5000-002d8000 r-xp 00000000 08:11 272042     /usr/lib/jvm/java-6-openjdk/jre/lib/i386/libdt_socket.so
002d8000-002d9000 r--p 00002000 08:11 272042     /usr/lib/jvm/java-6-openjdk/jre/lib/i386/libdt_socket.so
002d9000-002da000 rw-p 00003000 08:11 272042     /usr/lib/jvm/java-6-openjdk/jre/lib/i386/libdt_socket.so
00401000-00415000 r-xp 00000000 08:11 274180     /usr/lib/jvm/java-6-openjdk/jre/lib/i386/libnet.so
00415000-00416000 r--p 00013000 08:11 274180     /usr/lib/jvm/java-6-openjdk/jre/lib/i386/libnet.so
00416000-00417000 rw-p 00014000 08:11 274180     /usr/lib/jvm/java-6-openjdk/jre/lib/i386/libnet.so
00495000-004aa000 r-xp 00000000 08:11 3932696    /lib/libpthread-2.12.1.so
004aa000-004ab000 ---p 00015000 08:11 3932696    /lib/libpthread-2.12.1.so
004ab000-004ac000 r--p 00015000 08:11 3932696    /lib/libpthread-2.12.1.so
004ac000-004ad000 rw-p 00016000 08:11 3932696    /lib/libpthread-2.12.1.so
004ad000-004af000 rw-p 00000000 00:00 0 
004eb000-004ed000 r-xp 00000000 08:11 3932277    /lib/libnss_mdns4_minimal.so.2
004ed000-004ee000 r--p 00001000 08:11 3932277    /lib/libnss_mdns4_minimal.so.2
004ee000-004ef000 rw-p 00002000 08:11 3932277    /lib/libnss_mdns4_minimal.so.2
005ab000-005cd000 r-xp 00000000 08:11 273319     /usr/lib/jvm/java-6-openjdk/jre/lib/i386/libjava.so
005cd000-005ce000 r--p 00021000 08:11 273319     /usr/lib/jvm/java-6-openjdk/jre/lib/i386/libjava.so
005ce000-005d0000 rw-p 00022000 08:11 273319     /usr/lib/jvm/java-6-openjdk/jre/lib/i386/libjava.so
005d8000-005fc000 r-xp 00000000 08:11 3932693    /lib/libm-2.12.1.so
005fc000-005fd000 r--p 00023000 08:11 3932693    /lib/libm-2.12.1.so
005fd000-005fe000 rw-p 00024000 08:11 3932693    /lib/libm-2.12.1.so
0070b000-0071e000 r-xp 00000000 08:11 3932690    /lib/libnsl-2.12.1.so
0071e000-0071f000 r--p 00012000 08:11 3932690    /lib/libnsl-2.12.1.so
0071f000-00720000 rw-p 00013000 08:11 3932690    /lib/libnsl-2.12.1.so
00720000-00722000 rw-p 00000000 00:00 0 
0074b000-0074d000 r-xp 00000000 08:11 3932684    /lib/libdl-2.12.1.so
0074d000-0074e000 r--p 00001000 08:11 3932684    /lib/libdl-2.12.1.so
0074e000-0074f000 rw-p 00002000 08:11 3932684    /lib/libdl-2.12.1.so
00847000-00850000 r-xp 00000000 08:11 3932688    /lib/libnss_nis-2.12.1.so
00850000-00851000 r--p 00008000 08:11 3932688    /lib/libnss_nis-2.12.1.so
00851000-00852000 rw-p 00009000 08:11 3932688    /lib/libnss_nis-2.12.1.so
008d4000-008db000 r-xp 00000000 08:11 274181     /usr/lib/jvm/java-6-openjdk/jre/lib/i386/libnio.so
008db000-008dc000 r--p 00006000 08:11 274181     /usr/lib/jvm/java-6-openjdk/jre/lib/i386/libnio.so
008dc000-008dd000 rw-p 00007000 08:11 274181     /usr/lib/jvm/java-6-openjdk/jre/lib/i386/libnio.so
00910000-0091a000 r-xp 00000000 08:11 3932682    /lib/libnss_files-2.12.1.so
0091a000-0091b000 r--p 00009000 08:11 3932682    /lib/libnss_files-2.12.1.so
0091b000-0091c000 rw-p 0000a000 08:11 3932682    /lib/libnss_files-2.12.1.so
00a17000-00a33000 r-xp 00000000 08:11 3932652    /lib/ld-2.12.1.so
00a33000-00a34000 r--p 0001b000 08:11 3932652    /lib/ld-2.12.1.so
00a34000-00a35000 rw-p 0001c000 08:11 3932652    /lib/ld-2.12.1.so
00ab1000-00ac4000 r-xp 00000000 08:11 3932354    /lib/libz.so.1.2.3.4
00ac4000-00ac5000 r--p 00012000 08:11 3932354    /lib/libz.so.1.2.3.4
00ac5000-00ac6000 rw-p 00013000 08:11 3932354    /lib/libz.so.1.2.3.4
00b6e000-00b75000 r-xp 00000000 08:11 3932686    /lib/librt-2.12.1.so
00b75000-00b76000 r--p 00006000 08:11 3932686    /lib/librt-2.12.1.so
00b76000-00b77000 rw-p 00007000 08:11 3932686    /lib/librt-2.12.1.so
00b95000-00b96000 r-xp 00000000 00:00 0          [vdso]
00c02000-00c08000 r-xp 00000000 08:11 274188     /usr/lib/jvm/java-6-openjdk/jre/lib/i386/native_threads/libhpi.so
00c08000-00c09000 r--p 00005000 08:11 274188     /usr/lib/jvm/java-6-openjdk/jre/lib/i386/native_threads/libhpi.so
00c09000-00c0a000 rw-p 00006000 08:11 274188     /usr/lib/jvm/java-6-openjdk/jre/lib/i386/native_threads/libhpi.so
00c74000-00caa000 r-xp 00000000 08:11 273322     /usr/lib/jvm/java-6-openjdk/jre/lib/i386/libjdwp.so
00caa000-00cab000 r--p 00035000 08:11 273322     /usr/lib/jvm/java-6-openjdk/jre/lib/i386/libjdwp.so
00cab000-00cac000 rw-p 00036000 08:11 273322     /usr/lib/jvm/java-6-openjdk/jre/lib/i386/libjdwp.so
00d12000-00d1d000 r-xp 00000000 08:11 274186     /usr/lib/jvm/java-6-openjdk/jre/lib/i386/libverify.so
00d1d000-00d1e000 ---p 0000b000 08:11 274186     /usr/lib/jvm/java-6-openjdk/jre/lib/i386/libverify.so
00d1e000-00d1f000 r--p 0000b000 08:11 274186     /usr/lib/jvm/java-6-openjdk/jre/lib/i386/libverify.so
00d1f000-00d20000 rw-p 0000c000 08:11 274186     /usr/lib/jvm/java-6-openjdk/jre/lib/i386/libverify.so
00d66000-00d69000 r-xp 00000000 08:11 263290     /usr/lib/jvm/java-6-openjdk/jre/lib/i386/jli/libjli.so
00d69000-00d6a000 r--p 00002000 08:11 263290     /usr/lib/jvm/java-6-openjdk/jre/lib/i386/jli/libjli.so
00d6a000-00d6b000 rw-p 00003000 08:11 263290     /usr/lib/jvm/java-6-openjdk/jre/lib/i386/jli/libjli.so
00d6b000-0141c000 r-xp 00000000 08:11 274190     /usr/lib/jvm/java-6-openjdk/jre/lib/i386/server/libjvm.so
0141c000-01461000 r--p 006b1000 08:11 274190     /usr/lib/jvm/java-6-openjdk/jre/lib/i386/server/libjvm.so
01461000-01470000 rw-p 006f6000 08:11 274190     /usr/lib/jvm/java-6-openjdk/jre/lib/i386/server/libjvm.so
01470000-0188f000 rw-p 00000000 00:00 0 
08048000-08051000 r-xp 00000000 08:11 274211     /usr/lib/jvm/java-6-openjdk/jre/bin/java
08051000-08052000 r--p 00008000 08:11 274211     /usr/lib/jvm/java-6-openjdk/jre/bin/java
08052000-08053000 rw-p 00009000 08:11 274211     /usr/lib/jvm/java-6-openjdk/jre/bin/java
09757000-0b25c000 rw-p 00000000 00:00 0          [heap]
87100000-871ff000 rw-p 00000000 00:00 0 
871ff000-87200000 ---p 00000000 00:00 0 
87300000-874fa000 rw-p 00000000 00:00 0 
874fa000-87500000 ---p 00000000 00:00 0 
87500000-87700000 rw-p 00000000 00:00 0 
87700000-87900000 rw-p 00000000 00:00 0 
87900000-87b00000 rw-p 00000000 00:00 0 
87b00000-87c00000 rw-p 00000000 00:00 0 
87f00000-88000000 rw-p 00000000 00:00 0 
88300000-883e6000 rw-p 00000000 00:00 0 
883e6000-88400000 ---p 00000000 00:00 0 
88400000-884fb000 rw-p 00000000 00:00 0 
884fb000-88500000 ---p 00000000 00:00 0 
88500000-88700000 rw-p 00000000 00:00 0 
88700000-888fa000 rw-p 00000000 00:00 0 
888fa000-88900000 ---p 00000000 00:00 0 
88900000-889ff000 rw-p 00000000 00:00 0 
889ff000-88a00000 ---p 00000000 00:00 0 
88a00000-88afc000 rw-p 00000000 00:00 0 
88afc000-88b00000 ---p 00000000 00:00 0 
88b00000-88bfa000 rw-p 00000000 00:00 0 
88bfa000-88c00000 ---p 00000000 00:00 0 
88c00000-88d00000 rw-p 00000000 00:00 0 
88d00000-88f00000 rw-p 00000000 00:00 0 
88f00000-88fe2000 rw-p 00000000 00:00 0 
88fe2000-89000000 ---p 00000000 00:00 0 
89000000-890f3000 rw-p 00000000 00:00 0 
890f3000-89100000 ---p 00000000 00:00 0 
89100000-891f9000 rw-p 00000000 00:00 0 
891f9000-89200000 ---p 00000000 00:00 0 
89200000-892fb000 rw-p 00000000 00:00 0 
892fb000-89300000 ---p 00000000 00:00 0 
89300000-893fe000 rw-p 00000000 00:00 0 
893fe000-89400000 ---p 00000000 00:00 0 
89400000-895e0000 rw-p 00000000 00:00 0 
895e0000-89600000 ---p 00000000 00:00 0 
89600000-89800000 rw-p 00000000 00:00 0 
89800000-898fa000 rw-p 00000000 00:00 0 
898fa000-89900000 ---p 00000000 00:00 0 
89900000-89a00000 rw-p 00000000 00:00 0 
89a00000-89ada000 rw-p 00000000 00:00 0 
89ada000-89b00000 ---p 00000000 00:00 0 
89c00000-89cfd000 rw-p 00000000 00:00 0 
89cfd000-89d00000 ---p 00000000 00:00 0 
89d00000-89df7000 rw-p 00000000 00:00 0 
89df7000-89e00000 ---p 00000000 00:00 0 
89e00000-89ef4000 rw-p 00000000 00:00 0 
89ef4000-89f00000 ---p 00000000 00:00 0 
89f00000-89fff000 rw-p 00000000 00:00 0 
89fff000-8a000000 ---p 00000000 00:00 0 
8a000000-8a1e8000 rw-p 00000000 00:00 0 
8a1e8000-8a200000 ---p 00000000 00:00 0 
8a200000-8a300000 rw-p 00000000 00:00 0 
8a300000-8a3ff000 rw-p 00000000 00:00 0 
8a3ff000-8a400000 ---p 00000000 00:00 0 
8a500000-8a5f6000 rw-p 00000000 00:00 0 
8a5f6000-8a600000 ---p 00000000 00:00 0 
8a600000-8a6f7000 rw-p 00000000 00:00 0 
8a6f7000-8a700000 ---p 00000000 00:00 0 
8a700000-8a7e4000 rw-p 00000000 00:00 0 
8a7e4000-8a800000 ---p 00000000 00:00 0 
8a900000-8a9eb000 rw-p 00000000 00:00 0 
8a9eb000-8aa00000 ---p 00000000 00:00 0 
8aa00000-8aaea000 rw-p 00000000 00:00 0 
8aaea000-8ab00000 ---p 00000000 00:00 0 
8ab00000-8abf7000 rw-p 00000000 00:00 0 
8abf7000-8ac00000 ---p 00000000 00:00 0 
8ac00000-8acf9000 rw-p 00000000 00:00 0 
8acf9000-8ad00000 ---p 00000000 00:00 0 
8ad00000-8ae00000 rw-p 00000000 00:00 0 
8af00000-8aff5000 rw-p 00000000 00:00 0 
8aff5000-8b000000 ---p 00000000 00:00 0 
8b100000-8b1fb000 rw-p 00000000 00:00 0 
8b1fb000-8b200000 ---p 00000000 00:00 0 
8b200000-8b2e3000 rw-p 00000000 00:00 0 
8b2e3000-8b300000 ---p 00000000 00:00 0 
8b300000-8b3ff000 rw-p 00000000 00:00 0 
8b3ff000-8b400000 ---p 00000000 00:00 0 
8b4af000-8b4b2000 ---p 00000000 00:00 0 
8b4b2000-8b500000 rw-p 00000000 00:00 0 
8b500000-8b5fe000 rw-p 00000000 00:00 0 
8b5fe000-8b600000 ---p 00000000 00:00 0 
8b60c000-8b60f000 r--s 00031000 08:11 274156     /usr/lib/jvm/java-6-openjdk/jre/lib/ext/sunjce_provider.jar
8b60f000-8b612000 r--s 00038000 08:11 274153     /usr/lib/jvm/java-6-openjdk/jre/lib/ext/sunpkcs11.jar
8b612000-8b614000 r--s 00001000 08:11 274154     /usr/lib/jvm/java-6-openjdk/jre/lib/ext/dnsns.jar
8b614000-8b617000 r--s 00077000 08:11 274155     /usr/lib/jvm/java-6-openjdk/jre/lib/ext/localedata.jar
8b617000-8b61b000 r--s 0007c000 08:11 274169     /usr/lib/jvm/java-6-openjdk/jre/lib/jsse.jar
8b61b000-8b61e000 r--s 00012000 08:11 1980486    /home/ruud/workspace/OpenSettlers/war/WEB-INF/lib/gwt-servlet-deps.jar
8b61e000-8b661000 r--s 00273000 08:11 1966678    /home/ruud/workspace/OpenSettlers/war/WEB-INF/lib/gwt-servlet.jar
8b661000-8b664000 ---p 00000000 00:00 0 
8b664000-8b6b2000 rw-p 00000000 00:00 0 
8b6b2000-8b6b5000 ---p 00000000 00:00 0 
8b6b5000-8b703000 rw-p 00000000 00:00 0 
8b703000-8b706000 ---p 00000000 00:00 0 
8b706000-8b754000 rw-p 00000000 00:00 0 
8b754000-8b757000 ---p 00000000 00:00 0 
8b757000-8b7a5000 rw-p 00000000 00:00 0 
8b7a5000-8b7bc000 r--s 00147000 08:11 1987937    /home/ruud/workspace/OpenSettlers/lib/jetty-all-server-7.2.2.v20101205.jar
8b7bc000-8b7bf000 ---p 00000000 00:00 0 
8b7bf000-8b80d000 rw-p 00000000 00:00 0 
8b80d000-8b810000 ---p 00000000 00:00 0 
8b810000-8b85e000 rw-p 00000000 00:00 0 
8b85e000-8b861000 ---p 00000000 00:00 0 
8b861000-8b8af000 rw-p 00000000 00:00 0 
8b8af000-8b8b2000 ---p 00000000 00:00 0 
8b8b2000-8b900000 rw-p 00000000 00:00 0 
8b900000-8b9fd000 rw-p 00000000 00:00 0 
8b9fd000-8ba00000 ---p 00000000 00:00 0 
8ba01000-8ba03000 r--s 00011000 08:11 1980487    /home/ruud/workspace/OpenSettlers/war/WEB-INF/lib/gwt-graphics-0.9.7.jar
8ba03000-8ba21000 r--s 00128000 08:11 805292     /home/ruud/workspace/OpenSettlers/lib/db4o-7.12.156.14667-core-java5.jar
8ba21000-8ba32000 r--s 000c9000 08:11 1988027    /home/ruud/workspace/OpenSettlers/lib/lib-gwt-svg-0.5.0.jar
8ba32000-8ba36000 r--s 0002c000 08:11 1988028    /home/ruud/workspace/OpenSettlers/lib/gwt-comet-1.2.1.jar
8ba36000-8ba38000 r--s 00001000 08:11 1966640    /home/ruud/workspace/OpenSettlers/lib/gwt_i18n_server_1.0.jar
8ba38000-8ba41000 r--s 0006d000 08:11 1978955    /home/ruud/workspace/OpenSettlers/lib/log4j-1.2.16.jar
8ba41000-8ba48000 r--s 000b7000 08:11 1979015    /home/ruud/workspace/OpenSettlers/lib/mysql-connector-java-5.1.14-bin.jar
8ba48000-8ba75000 rw-p 00000000 00:00 0 
8ba75000-8bbe0000 r--s 01912000 08:11 2757837    /home/ruud/.eclipse/org.eclipse.platform_3.5.0_155965261/plugins/com.google.gwt.eclipse.sdkbundle.2.1.0_2.1.0.v201010280047/gwt-2.1.0/gwt-dev.jar
8bbe0000-8bc7e000 r--s 006c0000 08:11 2757843    /home/ruud/.eclipse/org.eclipse.platform_3.5.0_155965261/plugins/com.google.gwt.eclipse.sdkbundle.2.1.0_2.1.0.v201010280047/gwt-2.1.0/gwt-user.jar
8bc7e000-8bc80000 r--s 00011000 08:11 1978956    /home/ruud/workspace/OpenSettlers/lib/gwt-graphics-0.9.7.jar
8bc80000-8bc81000 ---p 00000000 00:00 0 
8bc81000-8bd01000 rw-p 00000000 00:00 0 
8bd01000-8bd04000 ---p 00000000 00:00 0 
8bd04000-8bd52000 rw-p 00000000 00:00 0 
8bd52000-8bd55000 ---p 00000000 00:00 0 
8bd55000-8bdd3000 rw-p 00000000 00:00 0 
8bdd3000-8bdd6000 ---p 00000000 00:00 0 
8bdd6000-8be54000 rw-p 00000000 00:00 0 
8be54000-8be57000 ---p 00000000 00:00 0 
8be57000-8bea5000 rw-p 00000000 00:00 0 
8bea5000-8bea8000 ---p 00000000 00:00 0 
8bea8000-8bef6000 rw-p 00000000 00:00 0 
8bef6000-8bef9000 ---p 00000000 00:00 0 
8bef9000-8bf47000 rw-p 00000000 00:00 0 
8bf47000-8bf4a000 ---p 00000000 00:00 0 
8bf4a000-8bf98000 rw-p 00000000 00:00 0 
8bf98000-8bf9b000 ---p 00000000 00:00 0 
8bf9b000-8bfe9000 rw-p 00000000 00:00 0 
8bfe9000-8bfec000 ---p 00000000 00:00 0 
8bfec000-8c03a000 rw-p 00000000 00:00 0 
8c03a000-8c03b000 ---p 00000000 00:00 0 
8c03b000-8c0bb000 rw-p 00000000 00:00 0 
8c0bb000-8c0bd000 r--s 0001d000 08:11 274174     /usr/lib/jvm/java-6-openjdk/jre/lib/plugin.jar
8c0bd000-8c0c2000 r--s 00044000 08:11 274173     /usr/lib/jvm/java-6-openjdk/jre/lib/netx.jar
8c0c2000-8c0f4000 rw-p 00000000 00:00 0 
8c0f4000-8c282000 r--s 038af000 08:11 263227     /usr/lib/jvm/java-6-openjdk/jre/lib/rt.jar
8c282000-8c283000 ---p 00000000 00:00 0 
8c283000-8c303000 rw-p 00000000 00:00 0 
8c303000-8c304000 ---p 00000000 00:00 0 
8c304000-8c395000 rw-p 00000000 00:00 0 
8c395000-8c3c4000 rw-p 00000000 00:00 0 
8c3c4000-8c3f0000 rw-p 00000000 00:00 0 
8c3f0000-8c46f000 rw-p 00000000 00:00 0 
8c46f000-8c480000 rw-p 00000000 00:00 0 
8c480000-8c4af000 rw-p 00000000 00:00 0 
8c4af000-8c4db000 rw-p 00000000 00:00 0 
8c4db000-8c559000 rw-p 00000000 00:00 0 
8c559000-8c5af000 rw-p 00000000 00:00 0 
8c5af000-8e670000 rw-p 00000000 00:00 0 
8e670000-8e6f0000 ---p 00000000 00:00 0 
8e6f0000-945b0000 rw-p 00000000 00:00 0 
945b0000-99c60000 rw-p 00000000 00:00 0 
99c60000-a9b10000 rw-p 00000000 00:00 0 
a9b10000-b45b0000 rw-p 00000000 00:00 0 
b45b1000-b45bf000 rw-p 00000000 00:00 0 
b45bf000-b4671000 rw-p 00000000 00:00 0 
b4671000-b49f1000 rwxp 00000000 00:00 0 
b49f1000-b7671000 rw-p 00000000 00:00 0 
b7671000-b7871000 r--p 00000000 08:11 269413     /usr/lib/locale/locale-archive
b7871000-b7874000 ---p 00000000 00:00 0 
b7874000-b78c5000 rw-p 00000000 00:00 0 
b78c6000-b78ce000 r--s 00066000 08:11 666721     /usr/share/java/gnome-java-bridge.jar
b78ce000-b78d1000 r--s 0000f000 08:11 274158     /usr/lib/jvm/java-6-openjdk/jre/lib/ext/pulse-java.jar
b78d1000-b78d9000 rw-s 00000000 08:11 4335008    /tmp/hsperfdata_ruud/15760
b78d9000-b78da000 r--p 002a1000 08:11 269413     /usr/lib/locale/locale-archive
b78da000-b78db000 rw-p 00000000 00:00 0 
b78db000-b78dc000 r--p 00000000 00:00 0 
b78dc000-b78de000 rw-p 00000000 00:00 0 
bfb50000-bfb71000 rw-p 00000000 00:00 0          [stack]

VM Arguments:
jvm_args: -agentlib:jdwp=transport=dt_socket,suspend=y,address=localhost:54026 -Xmx512m -Dfile.encoding=UTF-8 
java_command: com.google.gwt.dev.DevMode -remoteUI 50717:1133167099846227 -startupUrl index.html -logLevel INFO -codeServerPort 9997 -port 8888 -war /home/ruud/workspace/OpenSettlers/war soc.gwtClient.gwtClient
Launcher Type: SUN_STANDARD

Environment Variables:
PATH=/usr/local/sbin:/usr/local/bin:/usr/sbin:/usr/bin:/sbin:/bin:/usr/games
USERNAME=ruud
LD_LIBRARY_PATH=/usr/lib/jvm/java-6-openjdk/jre/lib/i386/server:/usr/lib/jvm/java-6-openjdk/jre/lib/i386:/usr/lib/jvm/java-6-openjdk/jre/../lib/i386:/usr/lib/jvm/java-6-openjdk/jre/lib/i386/client:/usr/lib/jvm/java-6-openjdk/jre/lib/i386:/usr/lib/xulrunner-1.9.2.13:/usr/lib/xulrunner-1.9.2.13
SHELL=/bin/bash
DISPLAY=:0.0

Signal Handlers:
SIGSEGV: [libjvm.so+0x636ce0], sa_mask[0]=0x7ffbfeff, sa_flags=0x10000004
SIGBUS: [libjvm.so+0x636ce0], sa_mask[0]=0x7ffbfeff, sa_flags=0x10000004
SIGFPE: [libjvm.so+0x50dfc0], sa_mask[0]=0x7ffbfeff, sa_flags=0x10000004
SIGPIPE: [libjvm.so+0x50dfc0], sa_mask[0]=0x7ffbfeff, sa_flags=0x10000004
SIGXFSZ: [libjvm.so+0x50dfc0], sa_mask[0]=0x7ffbfeff, sa_flags=0x10000004
SIGILL: [libjvm.so+0x50dfc0], sa_mask[0]=0x7ffbfeff, sa_flags=0x10000004
SIGUSR1: SIG_DFL, sa_mask[0]=0x00000000, sa_flags=0x00000000
SIGUSR2: [libjvm.so+0x50d670], sa_mask[0]=0x00000004, sa_flags=0x10000004
SIGHUP: [libjvm.so+0x5101e0], sa_mask[0]=0x7ffbfeff, sa_flags=0x10000004
SIGINT: [libjvm.so+0x5101e0], sa_mask[0]=0x7ffbfeff, sa_flags=0x10000004
SIGTERM: [libjvm.so+0x5101e0], sa_mask[0]=0x7ffbfeff, sa_flags=0x10000004
SIGQUIT: [libjvm.so+0x5101e0], sa_mask[0]=0x7ffbfeff, sa_flags=0x10000004


---------------  S Y S T E M  ---------------

OS:Ubuntu 10.10 (maverick)
uname:Linux 2.6.35-24-generic #42-Ubuntu SMP Thu Dec 2 01:41:57 UTC 2010 i686
libc:glibc 2.12.1 NPTL 2.12.1 
rlimit: STACK 8192k, CORE 0k, NPROC infinity, NOFILE 1024, AS infinity
load average:2.33 2.00 1.68

/proc/meminfo:
MemTotal:        2019148 kB
MemFree:          293224 kB
Buffers:           35996 kB
Cached:           467340 kB
SwapCached:       101280 kB
Active:          1115464 kB
Inactive:         504900 kB
Active(anon):     917704 kB
Inactive(anon):   294932 kB
Active(file):     197760 kB
Inactive(file):   209968 kB
Unevictable:          16 kB
Mlocked:              16 kB
HighTotal:       1145544 kB
HighFree:           1696 kB
LowTotal:         873604 kB
LowFree:          291528 kB
SwapTotal:       3227644 kB
SwapFree:        2571228 kB
Dirty:              1836 kB
Writeback:             0 kB
AnonPages:       1052904 kB
Mapped:            95876 kB
Shmem:             95608 kB
Slab:              50244 kB
SReclaimable:      22148 kB
SUnreclaim:        28096 kB
KernelStack:        4192 kB
PageTables:        14612 kB
NFS_Unstable:          0 kB
Bounce:                0 kB
WritebackTmp:          0 kB
CommitLimit:     4237216 kB
Committed_AS:    4836672 kB
VmallocTotal:     122880 kB
VmallocUsed:       34280 kB
VmallocChunk:      30436 kB
HardwareCorrupted:     0 kB
HugePages_Total:       0
HugePages_Free:        0
HugePages_Rsvd:        0
HugePages_Surp:        0
Hugepagesize:       4096 kB
DirectMap4k:       16376 kB
DirectMap4M:      892928 kB


CPU:total 2 (2 cores per cpu, 1 threads per core) family 6 model 15 stepping 13, cmov, cx8, fxsr, mmx, sse, sse2, sse3, ssse3

Memory: 4k page, physical 2019148k(293224k free), swap 3227644k(2571228k free)

vm_info: OpenJDK Server VM (19.0-b09) for linux-x86 JRE (1.6.0_20-b20), built on Dec 10 2010 20:01:54 by "buildd" with gcc 4.4.5

time: Tue Jan  4 23:56:58 2011
elapsed time: 26 seconds

