#
# A fatal error has been detected by the Java Runtime Environment:
#
#  SIGSEGV (0xb) at pc=0xb483a44a, pid=6211, tid=2337274736
#
# JRE version: 6.0_20-b20
# Java VM: OpenJDK Server VM (19.0-b09 mixed mode linux-x86 )
# Derivative: IcedTea6 1.9.2
# Distribution: Ubuntu 10.10, package 6b20-1.9.2-0ubuntu2
# Problematic frame:
# J  java.util.Arrays.mergeSort([Ljava/lang/Object;[Ljava/lang/Object;IIILjava/util/Comparator;)V
#
# If you would like to submit a bug report, please include
# instructions how to reproduce the bug and visit:
#   https://bugs.launchpad.net/ubuntu/+source/openjdk-6/
#

---------------  T H R E A D  ---------------

Current thread (0x08b95c00):  JavaThread "Code server for mapcreator from Mozilla/5.0 (X11; U; Linux i686; en-US; rv:1.9.2.13) Gecko/20101206 Ubuntu/10.10 (maverick) Firefox/3.6.13 on http://127.0.0.1:8888/index.html?gwt.codesvr=127.0.0.1:9997 @ i&uniXjBD[BeJp#/" daemon [_thread_in_Java, id=6255, stack(0x8b4af000,0x8b500000)]

siginfo:si_signo=SIGSEGV: si_errno=0, si_code=128 (), si_addr=0x00000000

Registers:
EAX=0x8d245a00, EBX=0xb2291af8, ECX=0x0059148d, EDX=0x8d27a430
ESP=0x8b4fe5a0, EBP=0xb22924a8, ESI=0x8d245a00, EDI=0x8d245a00
EIP=0xb483a44a, CR2=0x00000004, EFLAGS=0x00210212

Register to memory mapping:

EAX=0x8d245a00
{instance class} 
 - klass: {other class}

EBX=0xb2291af8

[error occurred during error reporting (printing registers, top of stack, instructions near pc), id 0xe0000000]

Stack: [0x8b4af000,0x8b500000],  sp=0x8b4fe5a0,  free space=317k
Native frames: (J=compiled Java code, j=interpreted, Vv=VM code, C=native code)
J  java.util.Arrays.mergeSort([Ljava/lang/Object;[Ljava/lang/Object;IIILjava/util/Comparator;)V


---------------  P R O C E S S  ---------------

Java Threads: ( => current thread )
=>0x08b95c00 JavaThread "Code server for mapcreator from Mozilla/5.0 (X11; U; Linux i686; en-US; rv:1.9.2.13) Gecko/20101206 Ubuntu/10.10 (maverick) Firefox/3.6.13 on http://127.0.0.1:8888/index.html?gwt.codesvr=127.0.0.1:9997 @ i&uniXjBD[BeJp#/" daemon [_thread_in_Java, id=6255, stack(0x8b4af000,0x8b500000)]
  0x8ba8ec00 JavaThread "com.google.gwt.thirdparty.guava.common.base.internal.Finalizer" daemon [_thread_blocked, id=6250, stack(0x8b0af000,0x8b100000)]
  0x8ba42400 JavaThread "Timer-1" daemon [_thread_blocked, id=6249, stack(0x8b7a2000,0x8b7f3000)]
  0x8ba0bc00 JavaThread "btpool0-1 - Acceptor0 SelectChannelConnector@127.0.0.1:8888" [_thread_in_native, id=6245, stack(0x8b623000,0x8b674000)]
  0x8ba03000 JavaThread "btpool0-0" [_thread_blocked, id=6244, stack(0x8b674000,0x8b6c5000)]
  0x08c20000 JavaThread "Timer-0" daemon [_thread_blocked, id=6243, stack(0x8b6c5000,0x8b716000)]
  0x8ba07c00 JavaThread "Code server listener" daemon [_thread_in_native, id=6242, stack(0x8b751000,0x8b7a2000)]
  0x08b4bc00 JavaThread "Thread-1" daemon [_thread_blocked, id=6240, stack(0x8b7f3000,0x8b844000)]
  0x08bb1c00 JavaThread "Thread-0" [_thread_in_native, id=6239, stack(0x8b844000,0x8b895000)]
  0x089eb800 JavaThread "Low Memory Detector" daemon [_thread_blocked, id=6235, stack(0x8bc81000,0x8bcd2000)]
  0x089e8400 JavaThread "CompilerThread1" daemon [_thread_in_native, id=6234, stack(0x8bcd2000,0x8bd53000)]
  0x089e6400 JavaThread "CompilerThread0" daemon [_thread_in_vm, id=6233, stack(0x8bd53000,0x8bdd4000)]
  0x089d9000 JavaThread "JDWP Command Reader" daemon [_thread_in_native, id=6230, stack(0x8bdd4000,0x8be25000)]
  0x089d7800 JavaThread "JDWP Event Helper Thread" daemon [_thread_blocked, id=6229, stack(0x8be25000,0x8be76000)]
  0x089d4c00 JavaThread "JDWP Transport Listener: dt_socket" daemon [_thread_blocked, id=6226, stack(0x8be76000,0x8bec7000)]
  0x089ccc00 JavaThread "Signal Dispatcher" daemon [_thread_blocked, id=6224, stack(0x8bec7000,0x8bf18000)]
  0x089bd800 JavaThread "Finalizer" daemon [_thread_blocked, id=6223, stack(0x8bf18000,0x8bf69000)]
  0x089b8c00 JavaThread "Reference Handler" daemon [_thread_blocked, id=6222, stack(0x8bf69000,0x8bfba000)]
  0x0892f800 JavaThread "main" [_thread_blocked, id=6218, stack(0xb77f5000,0xb7846000)]

Other Threads:
  0x089b5400 VMThread [stack: 0x8bfba000,0x8c03b000] [id=6221]
  0x089ed400 WatcherThread [stack: 0x8bc00000,0x8bc81000] [id=6236]

VM state:not at safepoint (normal execution)

VM Mutex/Monitor currently owned by a thread: None

Heap
 PSYoungGen      total 153600K, used 79738K [0xa9a90000, 0xb4530000, 0xb4530000)
  eden space 132480K, 44% used [0xa9a90000,0xad3cfc50,0xb1bf0000)
  from space 21120K, 99% used [0xb1bf0000,0xb308ee38,0xb3090000)
  to   space 21120K, 0% used [0xb3090000,0xb3090000,0xb4530000)
 PSOldGen        total 70400K, used 43736K [0x94530000, 0x989f0000, 0xa9a90000)
  object space 70400K, 62% used [0x94530000,0x96fe60c8,0x989f0000)
 PSPermGen       total 34560K, used 16041K [0x8c530000, 0x8e6f0000, 0x94530000)
  object space 34560K, 46% used [0x8c530000,0x8d4da5d8,0x8e6f0000)

Dynamic libraries:
00110000-00117000 r-xp 00000000 08:11 3932686    /lib/librt-2.12.1.so
00117000-00118000 r--p 00006000 08:11 3932686    /lib/librt-2.12.1.so
00118000-00119000 rw-p 00007000 08:11 3932686    /lib/librt-2.12.1.so
00119000-0011f000 r-xp 00000000 08:11 274188     /usr/lib/jvm/java-6-openjdk/jre/lib/i386/native_threads/libhpi.so
0011f000-00120000 r--p 00005000 08:11 274188     /usr/lib/jvm/java-6-openjdk/jre/lib/i386/native_threads/libhpi.so
00120000-00121000 rw-p 00006000 08:11 274188     /usr/lib/jvm/java-6-openjdk/jre/lib/i386/native_threads/libhpi.so
00121000-00157000 r-xp 00000000 08:11 273322     /usr/lib/jvm/java-6-openjdk/jre/lib/i386/libjdwp.so
00157000-00158000 r--p 00035000 08:11 273322     /usr/lib/jvm/java-6-openjdk/jre/lib/i386/libjdwp.so
00158000-00159000 rw-p 00036000 08:11 273322     /usr/lib/jvm/java-6-openjdk/jre/lib/i386/libjdwp.so
00159000-0015f000 r-xp 00000000 08:11 3932694    /lib/libnss_compat-2.12.1.so
0015f000-00160000 r--p 00006000 08:11 3932694    /lib/libnss_compat-2.12.1.so
00160000-00161000 rw-p 00007000 08:11 3932694    /lib/libnss_compat-2.12.1.so
00161000-0016a000 r-xp 00000000 08:11 3932688    /lib/libnss_nis-2.12.1.so
0016a000-0016b000 r--p 00008000 08:11 3932688    /lib/libnss_nis-2.12.1.so
0016b000-0016c000 rw-p 00009000 08:11 3932688    /lib/libnss_nis-2.12.1.so
0016c000-00172000 r-xp 00000000 08:11 274187     /usr/lib/jvm/java-6-openjdk/jre/lib/i386/libzip.so
00172000-00173000 r--p 00005000 08:11 274187     /usr/lib/jvm/java-6-openjdk/jre/lib/i386/libzip.so
00173000-00174000 rw-p 00006000 08:11 274187     /usr/lib/jvm/java-6-openjdk/jre/lib/i386/libzip.so
00174000-00177000 r-xp 00000000 08:11 272042     /usr/lib/jvm/java-6-openjdk/jre/lib/i386/libdt_socket.so
00177000-00178000 r--p 00002000 08:11 272042     /usr/lib/jvm/java-6-openjdk/jre/lib/i386/libdt_socket.so
00178000-00179000 rw-p 00003000 08:11 272042     /usr/lib/jvm/java-6-openjdk/jre/lib/i386/libdt_socket.so
00179000-0018d000 r-xp 00000000 08:11 274180     /usr/lib/jvm/java-6-openjdk/jre/lib/i386/libnet.so
0018d000-0018e000 r--p 00013000 08:11 274180     /usr/lib/jvm/java-6-openjdk/jre/lib/i386/libnet.so
0018e000-0018f000 rw-p 00014000 08:11 274180     /usr/lib/jvm/java-6-openjdk/jre/lib/i386/libnet.so
0018f000-00191000 r-xp 00000000 08:11 3932277    /lib/libnss_mdns4_minimal.so.2
00191000-00192000 r--p 00001000 08:11 3932277    /lib/libnss_mdns4_minimal.so.2
00192000-00193000 rw-p 00002000 08:11 3932277    /lib/libnss_mdns4_minimal.so.2
00193000-00197000 r-xp 00000000 08:11 3932680    /lib/libnss_dns-2.12.1.so
00197000-00198000 r--p 00004000 08:11 3932680    /lib/libnss_dns-2.12.1.so
00198000-00199000 rw-p 00005000 08:11 3932680    /lib/libnss_dns-2.12.1.so
00199000-001a9000 r-xp 00000000 08:11 3932685    /lib/libresolv-2.12.1.so
001a9000-001aa000 r--p 00010000 08:11 3932685    /lib/libresolv-2.12.1.so
001aa000-001ab000 rw-p 00011000 08:11 3932685    /lib/libresolv-2.12.1.so
001ab000-001ad000 rw-p 00000000 00:00 0 
00262000-00263000 r-xp 00000000 00:00 0          [vdso]
00384000-003a0000 r-xp 00000000 08:11 3932652    /lib/ld-2.12.1.so
003a0000-003a1000 r--p 0001b000 08:11 3932652    /lib/ld-2.12.1.so
003a1000-003a2000 rw-p 0001c000 08:11 3932652    /lib/ld-2.12.1.so
003a2000-004f9000 r-xp 00000000 08:11 3932695    /lib/libc-2.12.1.so
004f9000-004fb000 r--p 00157000 08:11 3932695    /lib/libc-2.12.1.so
004fb000-004fc000 rw-p 00159000 08:11 3932695    /lib/libc-2.12.1.so
004fc000-004ff000 rw-p 00000000 00:00 0 
00517000-0051a000 r-xp 00000000 08:11 274182     /usr/lib/jvm/java-6-openjdk/jre/lib/i386/libnpt.so
0051a000-0051b000 r--p 00002000 08:11 274182     /usr/lib/jvm/java-6-openjdk/jre/lib/i386/libnpt.so
0051b000-0051c000 rw-p 00003000 08:11 274182     /usr/lib/jvm/java-6-openjdk/jre/lib/i386/libnpt.so
00557000-0056a000 r-xp 00000000 08:11 3932690    /lib/libnsl-2.12.1.so
0056a000-0056b000 r--p 00012000 08:11 3932690    /lib/libnsl-2.12.1.so
0056b000-0056c000 rw-p 00013000 08:11 3932690    /lib/libnsl-2.12.1.so
0056c000-0056e000 rw-p 00000000 00:00 0 
00650000-00652000 r-xp 00000000 08:11 3932684    /lib/libdl-2.12.1.so
00652000-00653000 r--p 00001000 08:11 3932684    /lib/libdl-2.12.1.so
00653000-00654000 rw-p 00002000 08:11 3932684    /lib/libdl-2.12.1.so
006c2000-006e4000 r-xp 00000000 08:11 273319     /usr/lib/jvm/java-6-openjdk/jre/lib/i386/libjava.so
006e4000-006e5000 r--p 00021000 08:11 273319     /usr/lib/jvm/java-6-openjdk/jre/lib/i386/libjava.so
006e5000-006e7000 rw-p 00022000 08:11 273319     /usr/lib/jvm/java-6-openjdk/jre/lib/i386/libjava.so
00992000-0099c000 r-xp 00000000 08:11 3932682    /lib/libnss_files-2.12.1.so
0099c000-0099d000 r--p 00009000 08:11 3932682    /lib/libnss_files-2.12.1.so
0099d000-0099e000 rw-p 0000a000 08:11 3932682    /lib/libnss_files-2.12.1.so
009c2000-009e6000 r-xp 00000000 08:11 3932693    /lib/libm-2.12.1.so
009e6000-009e7000 r--p 00023000 08:11 3932693    /lib/libm-2.12.1.so
009e7000-009e8000 rw-p 00024000 08:11 3932693    /lib/libm-2.12.1.so
00a57000-00a6c000 r-xp 00000000 08:11 3932696    /lib/libpthread-2.12.1.so
00a6c000-00a6d000 ---p 00015000 08:11 3932696    /lib/libpthread-2.12.1.so
00a6d000-00a6e000 r--p 00015000 08:11 3932696    /lib/libpthread-2.12.1.so
00a6e000-00a6f000 rw-p 00016000 08:11 3932696    /lib/libpthread-2.12.1.so
00a6f000-00a71000 rw-p 00000000 00:00 0 
00c08000-00c0b000 r-xp 00000000 08:11 263290     /usr/lib/jvm/java-6-openjdk/jre/lib/i386/jli/libjli.so
00c0b000-00c0c000 r--p 00002000 08:11 263290     /usr/lib/jvm/java-6-openjdk/jre/lib/i386/jli/libjli.so
00c0c000-00c0d000 rw-p 00003000 08:11 263290     /usr/lib/jvm/java-6-openjdk/jre/lib/i386/jli/libjli.so
00c7e000-00c89000 r-xp 00000000 08:11 274186     /usr/lib/jvm/java-6-openjdk/jre/lib/i386/libverify.so
00c89000-00c8a000 ---p 0000b000 08:11 274186     /usr/lib/jvm/java-6-openjdk/jre/lib/i386/libverify.so
00c8a000-00c8b000 r--p 0000b000 08:11 274186     /usr/lib/jvm/java-6-openjdk/jre/lib/i386/libverify.so
00c8b000-00c8c000 rw-p 0000c000 08:11 274186     /usr/lib/jvm/java-6-openjdk/jre/lib/i386/libverify.so
00cb7000-00cbe000 r-xp 00000000 08:11 274181     /usr/lib/jvm/java-6-openjdk/jre/lib/i386/libnio.so
00cbe000-00cbf000 r--p 00006000 08:11 274181     /usr/lib/jvm/java-6-openjdk/jre/lib/i386/libnio.so
00cbf000-00cc0000 rw-p 00007000 08:11 274181     /usr/lib/jvm/java-6-openjdk/jre/lib/i386/libnio.so
00ccb000-00cde000 r-xp 00000000 08:11 3932354    /lib/libz.so.1.2.3.4
00cde000-00cdf000 r--p 00012000 08:11 3932354    /lib/libz.so.1.2.3.4
00cdf000-00ce0000 rw-p 00013000 08:11 3932354    /lib/libz.so.1.2.3.4
00ce0000-01391000 r-xp 00000000 08:11 274190     /usr/lib/jvm/java-6-openjdk/jre/lib/i386/server/libjvm.so
01391000-013d6000 r--p 006b1000 08:11 274190     /usr/lib/jvm/java-6-openjdk/jre/lib/i386/server/libjvm.so
013d6000-013e5000 rw-p 006f6000 08:11 274190     /usr/lib/jvm/java-6-openjdk/jre/lib/i386/server/libjvm.so
013e5000-01804000 rw-p 00000000 00:00 0 
08048000-08051000 r-xp 00000000 08:11 274211     /usr/lib/jvm/java-6-openjdk/jre/bin/java
08051000-08052000 r--p 00008000 08:11 274211     /usr/lib/jvm/java-6-openjdk/jre/bin/java
08052000-08053000 rw-p 00009000 08:11 274211     /usr/lib/jvm/java-6-openjdk/jre/bin/java
08927000-0b0e9000 rw-p 00000000 00:00 0          [heap]
88d00000-88eef000 rw-p 00000000 00:00 0 
88eef000-88f00000 ---p 00000000 00:00 0 
88f00000-89000000 rw-p 00000000 00:00 0 
89000000-890fd000 rw-p 00000000 00:00 0 
890fd000-89100000 ---p 00000000 00:00 0 
89200000-893f8000 rw-p 00000000 00:00 0 
893f8000-89400000 ---p 00000000 00:00 0 
89400000-894fe000 rw-p 00000000 00:00 0 
894fe000-89500000 ---p 00000000 00:00 0 
89500000-89600000 rw-p 00000000 00:00 0 
89600000-896f3000 rw-p 00000000 00:00 0 
896f3000-89700000 ---p 00000000 00:00 0 
8976f000-89a00000 rw-p 00000000 00:00 0 
89a00000-89b00000 rw-p 00000000 00:00 0 
89c00000-89d00000 rw-p 00000000 00:00 0 
89d4c000-8a000000 rw-p 00000000 00:00 0 
8a000000-8a0eb000 rw-p 00000000 00:00 0 
8a0eb000-8a100000 ---p 00000000 00:00 0 
8a100000-8a144000 rw-p 00000000 00:00 0 
8a144000-8a200000 ---p 00000000 00:00 0 
8a200000-8a2f9000 rw-p 00000000 00:00 0 
8a2f9000-8a300000 ---p 00000000 00:00 0 
8a300000-8a3fd000 rw-p 00000000 00:00 0 
8a3fd000-8a400000 ---p 00000000 00:00 0 
8a400000-8a4f9000 rw-p 00000000 00:00 0 
8a4f9000-8a500000 ---p 00000000 00:00 0 
8a500000-8a5f9000 rw-p 00000000 00:00 0 
8a5f9000-8a600000 ---p 00000000 00:00 0 
8a600000-8a6f9000 rw-p 00000000 00:00 0 
8a6f9000-8a700000 ---p 00000000 00:00 0 
8a700000-8a7f9000 rw-p 00000000 00:00 0 
8a7f9000-8a800000 ---p 00000000 00:00 0 
8a800000-8a8f9000 rw-p 00000000 00:00 0 
8a8f9000-8a900000 ---p 00000000 00:00 0 
8a900000-8a9f9000 rw-p 00000000 00:00 0 
8a9f9000-8aa00000 ---p 00000000 00:00 0 
8aa00000-8aafa000 rw-p 00000000 00:00 0 
8aafa000-8ab00000 ---p 00000000 00:00 0 
8ab1a000-8ac00000 rw-p 00000000 00:00 0 
8ac00000-8acf6000 rw-p 00000000 00:00 0 
8acf6000-8ad00000 ---p 00000000 00:00 0 
8ad00000-8adf4000 rw-p 00000000 00:00 0 
8adf4000-8ae00000 ---p 00000000 00:00 0 
8ae00000-8af00000 rw-p 00000000 00:00 0 
8af00000-8affe000 rw-p 00000000 00:00 0 
8affe000-8b000000 ---p 00000000 00:00 0 
8b0af000-8b0b2000 ---p 00000000 00:00 0 
8b0b2000-8b100000 rw-p 00000000 00:00 0 
8b100000-8b1f3000 rw-p 00000000 00:00 0 
8b1f3000-8b200000 ---p 00000000 00:00 0 
8b200000-8b2fe000 rw-p 00000000 00:00 0 
8b2fe000-8b300000 ---p 00000000 00:00 0 
8b300000-8b3fc000 rw-p 00000000 00:00 0 
8b3fc000-8b400000 ---p 00000000 00:00 0 
8b42a000-8b42e000 r--s 0007c000 08:11 274169     /usr/lib/jvm/java-6-openjdk/jre/lib/jsse.jar
8b46c000-8b4af000 r--s 00273000 08:11 1966678    /home/ruud/workspace/OpenSettlers/war/WEB-INF/lib/gwt-servlet.jar
8b4af000-8b4b2000 ---p 00000000 00:00 0 
8b4b2000-8b500000 rw-p 00000000 00:00 0 
8b500000-8b5fa000 rw-p 00000000 00:00 0 
8b5fa000-8b600000 ---p 00000000 00:00 0 
8b623000-8b626000 ---p 00000000 00:00 0 
8b626000-8b674000 rw-p 00000000 00:00 0 
8b674000-8b677000 ---p 00000000 00:00 0 
8b677000-8b6c5000 rw-p 00000000 00:00 0 
8b6c5000-8b6c8000 ---p 00000000 00:00 0 
8b6c8000-8b716000 rw-p 00000000 00:00 0 
8b716000-8b71c000 r--s 00034000 08:11 1993256    /home/ruud/workspace/OpenSettlers/lib/junit-4.8.2.jar
8b71c000-8b733000 r--s 00147000 08:11 1987937    /home/ruud/workspace/OpenSettlers/lib/jetty-all-server-7.2.2.v20101205.jar
8b733000-8b751000 r--s 00128000 08:11 805292     /home/ruud/workspace/OpenSettlers/lib/db4o-7.12.156.14667-core-java5.jar
8b751000-8b754000 ---p 00000000 00:00 0 
8b754000-8b7a2000 rw-p 00000000 00:00 0 
8b7a2000-8b7a5000 ---p 00000000 00:00 0 
8b7a5000-8b7f3000 rw-p 00000000 00:00 0 
8b7f3000-8b7f6000 ---p 00000000 00:00 0 
8b7f6000-8b844000 rw-p 00000000 00:00 0 
8b844000-8b847000 ---p 00000000 00:00 0 
8b847000-8b895000 rw-p 00000000 00:00 0 
8b895000-8ba00000 r--s 01912000 08:11 2757837    /home/ruud/.eclipse/org.eclipse.platform_3.5.0_155965261/plugins/com.google.gwt.eclipse.sdkbundle.2.1.0_2.1.0.v201010280047/gwt-2.1.0/gwt-dev.jar
8ba00000-8bb00000 rw-p 00000000 00:00 0 
8bb00000-8bb03000 r--s 00031000 08:11 274156     /usr/lib/jvm/java-6-openjdk/jre/lib/ext/sunjce_provider.jar
8bb03000-8bb06000 r--s 00038000 08:11 274153     /usr/lib/jvm/java-6-openjdk/jre/lib/ext/sunpkcs11.jar
8bb06000-8bb08000 r--s 00001000 08:11 274154     /usr/lib/jvm/java-6-openjdk/jre/lib/ext/dnsns.jar
8bb08000-8bb0b000 r--s 00077000 08:11 274155     /usr/lib/jvm/java-6-openjdk/jre/lib/ext/localedata.jar
8bb0b000-8bb0e000 r--s 00012000 08:11 1980486    /home/ruud/workspace/OpenSettlers/war/WEB-INF/lib/gwt-servlet-deps.jar
8bb0e000-8bb1f000 r--s 000c9000 08:11 1988027    /home/ruud/workspace/OpenSettlers/lib/lib-gwt-svg-0.5.0.jar
8bb1f000-8bb23000 r--s 0002c000 08:11 1988028    /home/ruud/workspace/OpenSettlers/lib/gwt-comet-1.2.1.jar
8bb23000-8bb25000 r--s 00001000 08:11 1966640    /home/ruud/workspace/OpenSettlers/lib/gwt_i18n_server_1.0.jar
8bb25000-8bb2e000 r--s 0006d000 08:11 1978955    /home/ruud/workspace/OpenSettlers/lib/log4j-1.2.16.jar
8bb2e000-8bb35000 r--s 000b7000 08:11 1979015    /home/ruud/workspace/OpenSettlers/lib/mysql-connector-java-5.1.14-bin.jar
8bb35000-8bb62000 rw-p 00000000 00:00 0 
8bb62000-8bc00000 r--s 006c0000 08:11 2757843    /home/ruud/.eclipse/org.eclipse.platform_3.5.0_155965261/plugins/com.google.gwt.eclipse.sdkbundle.2.1.0_2.1.0.v201010280047/gwt-2.1.0/gwt-user.jar
8bc00000-8bc01000 ---p 00000000 00:00 0 
8bc01000-8bc81000 rw-p 00000000 00:00 0 
8bc81000-8bc84000 ---p 00000000 00:00 0 
8bc84000-8bcd2000 rw-p 00000000 00:00 0 
8bcd2000-8bcd5000 ---p 00000000 00:00 0 
8bcd5000-8bd53000 rw-p 00000000 00:00 0 
8bd53000-8bd56000 ---p 00000000 00:00 0 
8bd56000-8bdd4000 rw-p 00000000 00:00 0 
8bdd4000-8bdd7000 ---p 00000000 00:00 0 
8bdd7000-8be25000 rw-p 00000000 00:00 0 
8be25000-8be28000 ---p 00000000 00:00 0 
8be28000-8be76000 rw-p 00000000 00:00 0 
8be76000-8be79000 ---p 00000000 00:00 0 
8be79000-8bec7000 rw-p 00000000 00:00 0 
8bec7000-8beca000 ---p 00000000 00:00 0 
8beca000-8bf18000 rw-p 00000000 00:00 0 
8bf18000-8bf1b000 ---p 00000000 00:00 0 
8bf1b000-8bf69000 rw-p 00000000 00:00 0 
8bf69000-8bf6c000 ---p 00000000 00:00 0 
8bf6c000-8bfba000 rw-p 00000000 00:00 0 
8bfba000-8bfbb000 ---p 00000000 00:00 0 
8bfbb000-8c03b000 rw-p 00000000 00:00 0 
8c03b000-8c03d000 r--s 0001d000 08:11 274174     /usr/lib/jvm/java-6-openjdk/jre/lib/plugin.jar
8c03d000-8c042000 r--s 00044000 08:11 274173     /usr/lib/jvm/java-6-openjdk/jre/lib/netx.jar
8c042000-8c074000 rw-p 00000000 00:00 0 
8c074000-8c202000 r--s 038af000 08:11 263227     /usr/lib/jvm/java-6-openjdk/jre/lib/rt.jar
8c202000-8c203000 ---p 00000000 00:00 0 
8c203000-8c283000 rw-p 00000000 00:00 0 
8c283000-8c284000 ---p 00000000 00:00 0 
8c284000-8c315000 rw-p 00000000 00:00 0 
8c315000-8c344000 rw-p 00000000 00:00 0 
8c344000-8c367000 rw-p 00000000 00:00 0 
8c367000-8c3ef000 rw-p 00000000 00:00 0 
8c3ef000-8c400000 rw-p 00000000 00:00 0 
8c400000-8c42f000 rw-p 00000000 00:00 0 
8c42f000-8c452000 rw-p 00000000 00:00 0 
8c452000-8c4d9000 rw-p 00000000 00:00 0 
8c4d9000-8c52f000 rw-p 00000000 00:00 0 
8c52f000-8e6f0000 rw-p 00000000 00:00 0 
8e6f0000-94530000 rw-p 00000000 00:00 0 
94530000-989f0000 rw-p 00000000 00:00 0 
989f0000-a9a90000 rw-p 00000000 00:00 0 
a9a90000-b4530000 rw-p 00000000 00:00 0 
b4531000-b4533000 r--s 00011000 08:11 1980487    /home/ruud/workspace/OpenSettlers/war/WEB-INF/lib/gwt-graphics-0.9.7.jar
b4533000-b4535000 r--s 00011000 08:11 1978956    /home/ruud/workspace/OpenSettlers/lib/gwt-graphics-0.9.7.jar
b4535000-b453f000 rw-p 00000000 00:00 0 
b453f000-b45f5000 rw-p 00000000 00:00 0 
b45f5000-b4855000 rwxp 00000000 00:00 0 
b4855000-b75f5000 rw-p 00000000 00:00 0 
b75f5000-b77f5000 r--p 00000000 08:11 269413     /usr/lib/locale/locale-archive
b77f5000-b77f8000 ---p 00000000 00:00 0 
b77f8000-b7849000 rw-p 00000000 00:00 0 
b784a000-b7852000 r--s 00066000 08:11 666721     /usr/share/java/gnome-java-bridge.jar
b7852000-b7855000 r--s 0000f000 08:11 274158     /usr/lib/jvm/java-6-openjdk/jre/lib/ext/pulse-java.jar
b7855000-b785d000 rw-s 00000000 08:11 4325838    /tmp/hsperfdata_ruud/6211
b785d000-b785e000 r--p 002a1000 08:11 269413     /usr/lib/locale/locale-archive
b785e000-b785f000 rw-p 00000000 00:00 0 
b785f000-b7860000 r--p 00000000 00:00 0 
b7860000-b7862000 rw-p 00000000 00:00 0 
bfa7e000-bfa9f000 rw-p 00000000 00:00 0          [stack]

VM Arguments:
jvm_args: -agentlib:jdwp=transport=dt_socket,suspend=y,address=localhost:45711 -Xmx512m -Dfile.encoding=UTF-8 
java_command: com.google.gwt.dev.DevMode -remoteUI 57291:1232831956063292 -startupUrl index.html -logLevel INFO -codeServerPort 9997 -port 8888 -war /home/ruud/workspace/OpenSettlers/war soc.gwtClient.gwtClient
Launcher Type: SUN_STANDARD

Environment Variables:
PATH=/usr/local/sbin:/usr/local/bin:/usr/sbin:/usr/bin:/sbin:/bin:/usr/games
USERNAME=ruud
LD_LIBRARY_PATH=/usr/lib/jvm/java-6-openjdk/jre/lib/i386/server:/usr/lib/jvm/java-6-openjdk/jre/lib/i386:/usr/lib/jvm/java-6-openjdk/jre/../lib/i386:/usr/lib/jvm/java-6-openjdk/jre/lib/i386/client:/usr/lib/jvm/java-6-openjdk/jre/lib/i386:/usr/lib/xulrunner-1.9.2.13:/usr/lib/xulrunner-1.9.2.13
SHELL=/bin/bash
DISPLAY=:0.0

Signal Handlers:
SIGSEGV: [libjvm.so+0x636ce0], sa_mask[0]=0x7ffbfeff, sa_flags=0x10000004
SIGBUS: [libjvm.so+0x636ce0], sa_mask[0]=0x7ffbfeff, sa_flags=0x10000004
SIGFPE: [libjvm.so+0x50dfc0], sa_mask[0]=0x7ffbfeff, sa_flags=0x10000004
SIGPIPE: [libjvm.so+0x50dfc0], sa_mask[0]=0x7ffbfeff, sa_flags=0x10000004
SIGXFSZ: [libjvm.so+0x50dfc0], sa_mask[0]=0x7ffbfeff, sa_flags=0x10000004
SIGILL: [libjvm.so+0x50dfc0], sa_mask[0]=0x7ffbfeff, sa_flags=0x10000004
SIGUSR1: SIG_DFL, sa_mask[0]=0x00000000, sa_flags=0x00000000
SIGUSR2: [libjvm.so+0x50d670], sa_mask[0]=0x00000004, sa_flags=0x10000004
SIGHUP: [libjvm.so+0x5101e0], sa_mask[0]=0x7ffbfeff, sa_flags=0x10000004
SIGINT: [libjvm.so+0x5101e0], sa_mask[0]=0x7ffbfeff, sa_flags=0x10000004
SIGTERM: [libjvm.so+0x5101e0], sa_mask[0]=0x7ffbfeff, sa_flags=0x10000004
SIGQUIT: [libjvm.so+0x5101e0], sa_mask[0]=0x7ffbfeff, sa_flags=0x10000004


---------------  S Y S T E M  ---------------

OS:Ubuntu 10.10 (maverick)
uname:Linux 2.6.35-24-generic #42-Ubuntu SMP Thu Dec 2 01:41:57 UTC 2010 i686
libc:glibc 2.12.1 NPTL 2.12.1 
rlimit: STACK 8192k, CORE 0k, NPROC infinity, NOFILE 1024, AS infinity
load average:2.04 1.55 1.22

/proc/meminfo:
MemTotal:        2019148 kB
MemFree:           58192 kB
Buffers:           19776 kB
Cached:           298140 kB
SwapCached:        90680 kB
Active:          1175276 kB
Inactive:         681888 kB
Active(anon):    1053180 kB
Inactive(anon):   598400 kB
Active(file):     122096 kB
Inactive(file):    83488 kB
Unevictable:          16 kB
Mlocked:              16 kB
HighTotal:       1145544 kB
HighFree:           4728 kB
LowTotal:         873604 kB
LowFree:           53464 kB
SwapTotal:       3227644 kB
SwapFree:        2436616 kB
Dirty:              1616 kB
Writeback:             0 kB
AnonPages:       1501748 kB
Mapped:            80084 kB
Shmem:            112248 kB
Slab:              46848 kB
SReclaimable:      18572 kB
SUnreclaim:        28276 kB
KernelStack:        4552 kB
PageTables:        15572 kB
NFS_Unstable:          0 kB
Bounce:                0 kB
WritebackTmp:          0 kB
CommitLimit:     4237216 kB
Committed_AS:    5715812 kB
VmallocTotal:     122880 kB
VmallocUsed:       34300 kB
VmallocChunk:      35900 kB
HardwareCorrupted:     0 kB
HugePages_Total:       0
HugePages_Free:        0
HugePages_Rsvd:        0
HugePages_Surp:        0
Hugepagesize:       4096 kB
DirectMap4k:       16376 kB
DirectMap4M:      892928 kB


CPU:total 2 (2 cores per cpu, 1 threads per core) family 6 model 15 stepping 13, cmov, cx8, fxsr, mmx, sse, sse2, sse3, ssse3

Memory: 4k page, physical 2019148k(58192k free), swap 3227644k(2436616k free)

vm_info: OpenJDK Server VM (19.0-b09) for linux-x86 JRE (1.6.0_20-b20), built on Dec 10 2010 20:01:54 by "buildd" with gcc 4.4.5

time: Thu Jan  6 03:37:59 2011
elapsed time: 23 seconds

